2017-03-17 17:37:21,597 org.springframework.web.context.ContextLoader (initWebApplicationContext:305) - Root WebApplicationContext: initialization started
2017-03-17 17:37:21,817 org.springframework.web.context.support.XmlWebApplicationContext (prepareRefresh:581) - Refreshing Root WebApplicationContext: startup date [Fri Mar 17 17:37:21 CST 2017]; root of context hierarchy
2017-03-17 17:37:21,903 org.springframework.beans.factory.xml.XmlBeanDefinitionReader (loadBeanDefinitions:317) - Loading XML bean definitions from file [D:\myworkspace\ActiveMQConsumer\target\classes\ApplicationContext\Application-activemq.xml]
2017-03-17 17:37:22,195 org.springframework.beans.factory.xml.XmlBeanDefinitionReader (loadBeanDefinitions:317) - Loading XML bean definitions from file [D:\myworkspace\ActiveMQConsumer\target\classes\ApplicationContext\dispatcher-servlet.xml]
2017-03-17 17:37:22,816 org.springframework.beans.factory.config.PropertyPlaceholderConfigurer (loadProperties:172) - Loading properties file from class path resource [properties/config.properties]
2017-03-17 17:37:22,817 org.springframework.beans.factory.config.PropertyPlaceholderConfigurer (loadProperties:172) - Loading properties file from class path resource [properties/activemq.properties]
2017-03-17 17:37:23,077 org.springframework.web.context.support.XmlWebApplicationContext (refresh:549) - Exception encountered during context initialization - cancelling refresh attempt: org.springframework.beans.factory.BeanCreationException: Error creating bean with name 'sendqueueName' defined in file [D:\myworkspace\ActiveMQConsumer\target\classes\ApplicationContext\Application-activemq.xml]: Bean instantiation via constructor failed; nested exception is org.springframework.beans.BeanInstantiationException: Failed to instantiate [org.apache.activemq.command.ActiveMQQueue]: Constructor threw exception; nested exception is java.lang.IllegalArgumentException: Invalid destination name: a non-empty name is required
2017-03-17 17:37:23,117 org.springframework.web.context.ContextLoader (initWebApplicationContext:351) - Context initialization failed
org.springframework.beans.factory.BeanCreationException: Error creating bean with name 'sendqueueName' defined in file [D:\myworkspace\ActiveMQConsumer\target\classes\ApplicationContext\Application-activemq.xml]: Bean instantiation via constructor failed; nested exception is org.springframework.beans.BeanInstantiationException: Failed to instantiate [org.apache.activemq.command.ActiveMQQueue]: Constructor threw exception; nested exception is java.lang.IllegalArgumentException: Invalid destination name: a non-empty name is required
	at org.springframework.beans.factory.support.ConstructorResolver.autowireConstructor(ConstructorResolver.java:279)
	at org.springframework.beans.factory.support.AbstractAutowireCapableBeanFactory.autowireConstructor(AbstractAutowireCapableBeanFactory.java:1143)
	at org.springframework.beans.factory.support.AbstractAutowireCapableBeanFactory.createBeanInstance(AbstractAutowireCapableBeanFactory.java:1046)
	at org.springframework.beans.factory.support.AbstractAutowireCapableBeanFactory.doCreateBean(AbstractAutowireCapableBeanFactory.java:510)
	at org.springframework.beans.factory.support.AbstractAutowireCapableBeanFactory.createBean(AbstractAutowireCapableBeanFactory.java:482)
	at org.springframework.beans.factory.support.AbstractBeanFactory$1.getObject(AbstractBeanFactory.java:306)
	at org.springframework.beans.factory.support.DefaultSingletonBeanRegistry.getSingleton(DefaultSingletonBeanRegistry.java:230)
	at org.springframework.beans.factory.support.AbstractBeanFactory.doGetBean(AbstractBeanFactory.java:302)
	at org.springframework.beans.factory.support.AbstractBeanFactory.getBean(AbstractBeanFactory.java:197)
	at org.springframework.beans.factory.support.DefaultListableBeanFactory.preInstantiateSingletons(DefaultListableBeanFactory.java:775)
	at org.springframework.context.support.AbstractApplicationContext.finishBeanFactoryInitialization(AbstractApplicationContext.java:861)
	at org.springframework.context.support.AbstractApplicationContext.refresh(AbstractApplicationContext.java:541)
	at org.springframework.web.context.ContextLoader.configureAndRefreshWebApplicationContext(ContextLoader.java:444)
	at org.springframework.web.context.ContextLoader.initWebApplicationContext(ContextLoader.java:326)
	at org.springframework.web.context.ContextLoaderListener.contextInitialized(ContextLoaderListener.java:107)
	at org.apache.catalina.core.StandardContext.listenerStart(StandardContext.java:4135)
	at org.apache.catalina.core.StandardContext.start(StandardContext.java:4630)
	at org.apache.catalina.core.ContainerBase.start(ContainerBase.java:1045)
	at org.apache.catalina.core.StandardHost.start(StandardHost.java:785)
	at org.apache.catalina.core.ContainerBase.start(ContainerBase.java:1045)
	at org.apache.catalina.core.StandardEngine.start(StandardEngine.java:445)
	at org.apache.catalina.startup.Embedded.start(Embedded.java:825)
	at org.codehaus.mojo.tomcat.AbstractRunMojo.startContainer(AbstractRunMojo.java:558)
	at org.codehaus.mojo.tomcat.AbstractRunMojo.execute(AbstractRunMojo.java:255)
	at org.apache.maven.plugin.DefaultBuildPluginManager.executeMojo(DefaultBuildPluginManager.java:107)
	at org.apache.maven.lifecycle.internal.MojoExecutor.execute(MojoExecutor.java:209)
	at org.apache.maven.lifecycle.internal.MojoExecutor.execute(MojoExecutor.java:153)
	at org.apache.maven.lifecycle.internal.MojoExecutor.execute(MojoExecutor.java:145)
	at org.apache.maven.lifecycle.internal.LifecycleModuleBuilder.buildProject(LifecycleModuleBuilder.java:84)
	at org.apache.maven.lifecycle.internal.LifecycleModuleBuilder.buildProject(LifecycleModuleBuilder.java:59)
	at org.apache.maven.lifecycle.internal.LifecycleStarter.singleThreadedBuild(LifecycleStarter.java:183)
	at org.apache.maven.lifecycle.internal.LifecycleStarter.execute(LifecycleStarter.java:161)
	at org.apache.maven.DefaultMaven.doExecute(DefaultMaven.java:319)
	at org.apache.maven.DefaultMaven.execute(DefaultMaven.java:156)
	at org.apache.maven.cli.MavenCli.execute(MavenCli.java:534)
	at org.apache.maven.cli.MavenCli.doMain(MavenCli.java:196)
	at org.apache.maven.cli.MavenCli.main(MavenCli.java:141)
	at sun.reflect.NativeMethodAccessorImpl.invoke0(Native Method)
	at sun.reflect.NativeMethodAccessorImpl.invoke(NativeMethodAccessorImpl.java:57)
	at sun.reflect.DelegatingMethodAccessorImpl.invoke(DelegatingMethodAccessorImpl.java:43)
	at java.lang.reflect.Method.invoke(Method.java:601)
	at org.codehaus.plexus.classworlds.launcher.Launcher.launchEnhanced(Launcher.java:290)
	at org.codehaus.plexus.classworlds.launcher.Launcher.launch(Launcher.java:230)
	at org.codehaus.plexus.classworlds.launcher.Launcher.mainWithExitCode(Launcher.java:409)
	at org.codehaus.plexus.classworlds.launcher.Launcher.main(Launcher.java:352)
Caused by: org.springframework.beans.BeanInstantiationException: Failed to instantiate [org.apache.activemq.command.ActiveMQQueue]: Constructor threw exception; nested exception is java.lang.IllegalArgumentException: Invalid destination name: a non-empty name is required
	at org.springframework.beans.BeanUtils.instantiateClass(BeanUtils.java:159)
	at org.springframework.beans.factory.support.SimpleInstantiationStrategy.instantiate(SimpleInstantiationStrategy.java:122)
	at org.springframework.beans.factory.support.ConstructorResolver.autowireConstructor(ConstructorResolver.java:271)
	... 44 more
Caused by: java.lang.IllegalArgumentException: Invalid destination name: a non-empty name is required
	at org.apache.activemq.command.ActiveMQDestination.setPhysicalName(ActiveMQDestination.java:226)
	at org.apache.activemq.command.ActiveMQDestination.<init>(ActiveMQDestination.java:80)
	at org.apache.activemq.command.ActiveMQQueue.<init>(ActiveMQQueue.java:39)
	at sun.reflect.NativeConstructorAccessorImpl.newInstance0(Native Method)
	at sun.reflect.NativeConstructorAccessorImpl.newInstance(NativeConstructorAccessorImpl.java:57)
	at sun.reflect.DelegatingConstructorAccessorImpl.newInstance(DelegatingConstructorAccessorImpl.java:45)
	at java.lang.reflect.Constructor.newInstance(Constructor.java:525)
	at org.springframework.beans.BeanUtils.instantiateClass(BeanUtils.java:147)
	... 46 more
2017-03-17 17:38:13,803 org.springframework.web.context.ContextLoader (initWebApplicationContext:305) - Root WebApplicationContext: initialization started
2017-03-17 17:38:13,905 org.springframework.web.context.support.XmlWebApplicationContext (prepareRefresh:581) - Refreshing Root WebApplicationContext: startup date [Fri Mar 17 17:38:13 CST 2017]; root of context hierarchy
2017-03-17 17:38:13,953 org.springframework.beans.factory.xml.XmlBeanDefinitionReader (loadBeanDefinitions:317) - Loading XML bean definitions from file [D:\myworkspace\ActiveMQConsumer\target\classes\ApplicationContext\Application-activemq.xml]
2017-03-17 17:38:14,049 org.springframework.beans.factory.xml.XmlBeanDefinitionReader (loadBeanDefinitions:317) - Loading XML bean definitions from file [D:\myworkspace\ActiveMQConsumer\target\classes\ApplicationContext\dispatcher-servlet.xml]
2017-03-17 17:38:14,398 org.springframework.beans.factory.config.PropertyPlaceholderConfigurer (loadProperties:172) - Loading properties file from class path resource [properties/config.properties]
2017-03-17 17:38:14,399 org.springframework.beans.factory.config.PropertyPlaceholderConfigurer (loadProperties:172) - Loading properties file from class path resource [properties/activemq.properties]
2017-03-17 17:38:15,513 org.springframework.web.servlet.mvc.method.annotation.RequestMappingHandlerAdapter (initControllerAdviceCache:534) - Looking for @ControllerAdvice: Root WebApplicationContext: startup date [Fri Mar 17 17:38:13 CST 2017]; root of context hierarchy
2017-03-17 17:38:15,809 org.springframework.web.servlet.mvc.method.annotation.RequestMappingHandlerAdapter (initControllerAdviceCache:534) - Looking for @ControllerAdvice: Root WebApplicationContext: startup date [Fri Mar 17 17:38:13 CST 2017]; root of context hierarchy
2017-03-17 17:38:16,097 org.springframework.context.support.DefaultLifecycleProcessor (start:341) - Starting beans in phase 2147483647
2017-03-17 17:38:16,693 org.springframework.jms.connection.SingleConnectionFactory (initConnection:311) - Established shared JMS Connection: ActiveMQConnection {id=ID:PC-20160715CDSQ-54227-1489743496587-1:1,clientId=null,started=false}
2017-03-17 17:38:16,926 org.apache.activemq.transport.failover.FailoverTransport (doReconnect:1065) - Successfully connected to tcp://10.0.88.14:61616
2017-03-17 17:38:16,978 org.springframework.web.context.ContextLoader (initWebApplicationContext:345) - Root WebApplicationContext: initialization completed in 3172 ms
2017-03-17 17:38:17,210 org.springframework.web.servlet.DispatcherServlet (initServletBean:489) - FrameworkServlet 'dispatcher': initialization started
2017-03-17 17:38:17,214 org.springframework.web.context.support.XmlWebApplicationContext (prepareRefresh:581) - Refreshing WebApplicationContext for namespace 'dispatcher-servlet': startup date [Fri Mar 17 17:38:17 CST 2017]; parent: Root WebApplicationContext
2017-03-17 17:38:17,215 org.springframework.beans.factory.xml.XmlBeanDefinitionReader (loadBeanDefinitions:317) - Loading XML bean definitions from class path resource [ApplicationContext/dispatcher-servlet.xml]
2017-03-17 17:38:17,382 org.springframework.web.servlet.mvc.method.annotation.RequestMappingHandlerAdapter (initControllerAdviceCache:534) - Looking for @ControllerAdvice: WebApplicationContext for namespace 'dispatcher-servlet': startup date [Fri Mar 17 17:38:17 CST 2017]; parent: Root WebApplicationContext
2017-03-17 17:38:17,526 org.springframework.web.servlet.mvc.method.annotation.RequestMappingHandlerAdapter (initControllerAdviceCache:534) - Looking for @ControllerAdvice: WebApplicationContext for namespace 'dispatcher-servlet': startup date [Fri Mar 17 17:38:17 CST 2017]; parent: Root WebApplicationContext
2017-03-17 17:38:17,718 org.springframework.web.servlet.DispatcherServlet (initServletBean:508) - FrameworkServlet 'dispatcher': initialization completed in 508 ms
2017-03-17 17:40:03,434 com.ahao.activemq.listener.ActiveMQConsumerServer (onMessage:27) - --Got msg from activemq, msg is : {"age":"18","name":"ahao","sex":"male"}
